15:37:42: Creating resource group General
15:37:42: Creating resource group Internal
15:37:42: Creating resource group Autodetect
15:37:42: SceneManagerFactory for type 'DefaultSceneManager' registered.
15:37:42: Registering ResourceManager for type Material
15:37:42: Registering ResourceManager for type Mesh
15:37:42: Registering ResourceManager for type Skeleton
15:37:42: MovableObjectFactory for type 'ParticleSystem' registered.
15:37:42: ArchiveFactory for archive type FileSystem registered.
15:37:42: ArchiveFactory for archive type Zip registered.
15:37:42: ArchiveFactory for archive type EmbeddedZip registered.
15:37:42: DDS codec registering
15:37:42: FreeImage version: 3.18.0
15:37:42: This program uses FreeImage, a free, open source image library supporting all common bitmap formats. See http://freeimage.sourceforge.net for details
15:37:42: Supported formats: bmp,ico,jpg,jif,jpeg,jpe,jng,koa,iff,lbm,mng,pbm,pbm,pcd,pcx,pgm,pgm,png,ppm,ppm,ras,tga,targa,tif,tiff,wap,wbmp,wbm,psd,psb,cut,xbm,xpm,gif,hdr,g3,sgi,rgb,rgba,bw,exr,j2k,j2c,jp2,pfm,pct,pict,pic,3fr,arw,bay,bmq,cap,cine,cr2,crw,cs1,dc2,dcr,drf,dsc,dng,erf,fff,ia,iiq,k25,kc2,kdc,mdc,mef,mos,mrw,nef,nrw,orf,pef,ptx,pxn,qtk,raf,raw,rdc,rw2,rwl,rwz,sr2,srf,srw,sti,x3f,webp,jxr,wdp,hdp
15:37:42: Registering ResourceManager for type HighLevelGpuProgram
15:37:42: Registering ResourceManager for type Compositor
15:37:42: MovableObjectFactory for type 'Entity' registered.
15:37:42: MovableObjectFactory for type 'Light' registered.
15:37:42: MovableObjectFactory for type 'BillboardSet' registered.
15:37:42: MovableObjectFactory for type 'ManualObject' registered.
15:37:42: MovableObjectFactory for type 'BillboardChain' registered.
15:37:42: MovableObjectFactory for type 'RibbonTrail' registered.
15:37:42: OGRE EXCEPTION(6:FileNotFoundException): 'plugins.cfg' file not found! in ConfigFile::load at /tmp/ogre1.9-20190321-17476-1do5xap/sinbad-ogre-108ab0bcc696/OgreMain/src/OgreConfigFile.cpp (line 82)
15:37:42: plugins.cfg not found, automatic plugin loading disabled.
15:37:42: *-*-* OGRE Initialising
15:37:42: *-*-* Version 1.9.0 (Ghadamon)
15:37:42: OGRE EXCEPTION(7:InternalErrorException): Failed to initialize RenderSystem_GL in main at /Users/zahedi/projects/YARS/src/yars/view/gui/OgreHandler.cpp (line 49)
